kotlin version: 2.0.21
error message: org.jetbrains.kotlin.backend.common.BackendException: Backend Internal error: Exception during IR lowering
File being compiled: S:/ISLA/app/src/main/java/com/mutzurini/islamove/ui/screens/profile/ProfileScreen.kt
The root cause java.lang.OutOfMemoryError was thrown at: java.base/java.lang.StringBuilder.toString(Unknown Source)
	at org.jetbrains.kotlin.backend.common.CodegenUtil.reportBackendException(CodegenUtil.kt:253)
	at org.jetbrains.kotlin.backend.common.CodegenUtil.reportBackendException$default(CodegenUtil.kt:236)
	at org.jetbrains.kotlin.backend.common.phaser.PerformByIrFilePhase.invokeSequential(performByIrFile.kt:65)
	at org.jetbrains.kotlin.backend.common.phaser.PerformByIrFilePhase.invoke(performByIrFile.kt:52)
	at org.jetbrains.kotlin.backend.common.phaser.PerformByIrFilePhase.invoke(performByIrFile.kt:38)
	at org.jetbrains.kotlin.backend.common.phaser.NamedCompilerPhase.phaseBody(CompilerPhase.kt:166)
	at org.jetbrains.kotlin.backend.common.phaser.AbstractNamedCompilerPhase.invoke(CompilerPhase.kt:113)
	at org.jetbrains.kotlin.backend.common.phaser.CompositePhase.invoke(PhaseBuilders.kt:27)
	at org.jetbrains.kotlin.backend.common.phaser.CompositePhase.invoke(PhaseBuilders.kt:14)
	at org.jetbrains.kotlin.backend.common.phaser.NamedCompilerPhase.phaseBody(CompilerPhase.kt:166)
	at org.jetbrains.kotlin.backend.common.phaser.AbstractNamedCompilerPhase.invoke(CompilerPhase.kt:113)
	at org.jetbrains.kotlin.backend.common.phaser.CompilerPhaseKt.invokeToplevel(CompilerPhase.kt:62)
	at org.jetbrains.kotlin.backend.jvm.JvmIrCodegenFactory.invokeCodegen(JvmIrCodegenFactory.kt:371)
	at org.jetbrains.kotlin.codegen.CodegenFactory.generateModule(CodegenFactory.kt:47)
	at org.jetbrains.kotlin.backend.jvm.JvmIrCodegenFactory.generateModuleInFrontendIRMode(JvmIrCodegenFactory.kt:433)
	at org.jetbrains.kotlin.cli.jvm.compiler.pipeline.JvmCompilerPipelineKt.generateCodeFromIr(jvmCompilerPipeline.kt:246)
	at org.jetbrains.kotlin.cli.jvm.compiler.pipeline.JvmCompilerPipelineKt.compileModulesUsingFrontendIrAndLightTree(jvmCompilerPipeline.kt:142)
	at org.jetbrains.kotlin.cli.jvm.K2JVMCompiler.doExecute(K2JVMCompiler.kt:148)
	at org.jetbrains.kotlin.cli.jvm.K2JVMCompiler.doExecute(K2JVMCompiler.kt:43)
	at org.jetbrains.kotlin.cli.common.CLICompiler.execImpl(CLICompiler.kt:103)
	at org.jetbrains.kotlin.cli.common.CLICompiler.execImpl(CLICompiler.kt:49)
	at org.jetbrains.kotlin.cli.common.CLITool.exec(CLITool.kt:101)
	at org.jetbrains.kotlin.incremental.IncrementalJvmCompilerRunner.runCompiler(IncrementalJvmCompilerRunner.kt:464)
	at org.jetbrains.kotlin.incremental.IncrementalJvmCompilerRunner.runCompiler(IncrementalJvmCompilerRunner.kt:73)
	at org.jetbrains.kotlin.incremental.IncrementalCompilerRunner.doCompile(IncrementalCompilerRunner.kt:506)
	at org.jetbrains.kotlin.incremental.IncrementalCompilerRunner.compileImpl(IncrementalCompilerRunner.kt:423)
	at org.jetbrains.kotlin.incremental.IncrementalCompilerRunner.compileNonIncrementally(IncrementalCompilerRunner.kt:301)
	at org.jetbrains.kotlin.incremental.IncrementalCompilerRunner.compile(IncrementalCompilerRunner.kt:129)
	at org.jetbrains.kotlin.daemon.CompileServiceImplBase.execIncrementalCompiler(CompileServiceImpl.kt:675)
	at org.jetbrains.kotlin.daemon.CompileServiceImplBase.access$execIncrementalCompiler(CompileServiceImpl.kt:92)
	at org.jetbrains.kotlin.daemon.CompileServiceImpl.compile(CompileServiceImpl.kt:1660)
	at java.base/jdk.internal.reflect.DirectMethodHandleAccessor.invoke(Unknown Source)
	at java.base/java.lang.reflect.Method.invoke(Unknown Source)
	at java.rmi/sun.rmi.server.UnicastServerRef.dispatch(Unknown Source)
	at java.rmi/sun.rmi.transport.Transport$1.run(Unknown Source)
	at java.rmi/sun.rmi.transport.Transport$1.run(Unknown Source)
	at java.base/java.security.AccessController.doPrivileged(Unknown Source)
	at java.rmi/sun.rmi.transport.Transport.serviceCall(Unknown Source)
	at java.rmi/sun.rmi.transport.tcp.TCPTransport.handleMessages(Unknown Source)
	at java.rmi/sun.rmi.transport.tcp.TCPTransport$ConnectionHandler.run0(Unknown Source)
	at java.rmi/sun.rmi.transport.tcp.TCPTransport$ConnectionHandler.lambda$run$0(Unknown Source)
	at java.base/java.security.AccessController.doPrivileged(Unknown Source)
	at java.rmi/sun.rmi.transport.tcp.TCPTransport$ConnectionHandler.run(Unknown Source)
	at java.base/java.util.concurrent.ThreadPoolExecutor.runWorker(Unknown Source)
	at java.base/java.util.concurrent.ThreadPoolExecutor$Worker.run(Unknown Source)
	at java.base/java.lang.Thread.run(Unknown Source)
Caused by: java.lang.OutOfMemoryError: GC overhead limit exceeded
	at java.base/java.lang.StringBuilder.toString(Unknown Source)
	at org.jetbrains.kotlin.ir.util.RenderIrElementVisitor.visitConst(RenderIrElement.kt:371)
	at org.jetbrains.kotlin.ir.util.RenderIrElementVisitor.visitConst(RenderIrElement.kt:28)
	at org.jetbrains.kotlin.ir.expressions.IrConst.accept(IrConst.kt:22)
	at org.jetbrains.kotlin.ir.util.DumpIrTreeVisitor.visitElement(DumpIrTree.kt:512)
	at org.jetbrains.kotlin.ir.util.DumpIrTreeVisitor.visitElement(DumpIrTree.kt:115)
	at org.jetbrains.kotlin.ir.visitors.IrElementVisitor$DefaultImpls.visitExpression(IrElementVisitor.kt:83)
	at org.jetbrains.kotlin.ir.util.DumpIrTreeVisitor.visitExpression(DumpIrTree.kt:115)
	at org.jetbrains.kotlin.ir.util.DumpIrTreeVisitor.visitExpression(DumpIrTree.kt:115)
	at org.jetbrains.kotlin.ir.visitors.IrElementVisitor$DefaultImpls.visitConst(IrElementVisitor.kt:164)
	at org.jetbrains.kotlin.ir.util.DumpIrTreeVisitor.visitConst(DumpIrTree.kt:115)
	at org.jetbrains.kotlin.ir.util.DumpIrTreeVisitor.visitConst(DumpIrTree.kt:115)
	at org.jetbrains.kotlin.ir.expressions.IrConst.accept(IrConst.kt:22)
	at org.jetbrains.kotlin.ir.util.DumpIrTreeVisitor.visitMemberAccess(DumpIrTree.kt:272)
	at org.jetbrains.kotlin.ir.util.DumpIrTreeVisitor.visitMemberAccess(DumpIrTree.kt:115)
	at org.jetbrains.kotlin.ir.visitors.IrElementVisitor$DefaultImpls.visitFunctionAccess(IrElementVisitor.kt:101)
	at org.jetbrains.kotlin.ir.util.DumpIrTreeVisitor.visitFunctionAccess(DumpIrTree.kt:115)
	at org.jetbrains.kotlin.ir.util.DumpIrTreeVisitor.visitFunctionAccess(DumpIrTree.kt:115)
	at org.jetbrains.kotlin.ir.visitors.IrElementVisitor$DefaultImpls.visitCall(IrElementVisitor.kt:146)
	at org.jetbrains.kotlin.ir.util.DumpIrTreeVisitor.visitCall(DumpIrTree.kt:115)
	at org.jetbrains.kotlin.ir.util.DumpIrTreeVisitor.visitCall(DumpIrTree.kt:115)
	at org.jetbrains.kotlin.ir.expressions.IrCall.accept(IrCall.kt:24)
	at org.jetbrains.kotlin.ir.expressions.IrContainerExpression.acceptChildren(IrContainerExpression.kt:22)
	at org.jetbrains.kotlin.ir.util.DumpIrTreeVisitor.visitElement(DumpIrTree.kt:133)
	at org.jetbrains.kotlin.ir.util.DumpIrTreeVisitor.visitElement(DumpIrTree.kt:115)
	at org.jetbrains.kotlin.ir.visitors.IrElementVisitor$DefaultImpls.visitExpression(IrElementVisitor.kt:83)
	at org.jetbrains.kotlin.ir.util.DumpIrTreeVisitor.visitExpression(DumpIrTree.kt:115)
	at org.jetbrains.kotlin.ir.util.DumpIrTreeVisitor.visitExpression(DumpIrTree.kt:115)
	at org.jetbrains.kotlin.ir.visitors.IrElementVisitor$DefaultImpls.visitContainerExpression(IrElementVisitor.kt:119)
	at org.jetbrains.kotlin.ir.util.DumpIrTreeVisitor.visitContainerExpression(DumpIrTree.kt:115)
	at org.jetbrains.kotlin.ir.util.DumpIrTreeVisitor.visitContainerExpression(DumpIrTree.kt:115)
	at org.jetbrains.kotlin.ir.visitors.IrElementVisitor$DefaultImpls.visitComposite(IrElementVisitor.kt:125)


